2025-11-16 11:57:47,561 - __main__ - INFO - Bot en démarrage (polling)…
2025-11-16 11:57:47,764 - httpx - INFO - HTTP Request: POST https://api.telegram.org/bot8473906038:AAH6nwvVbyM03jXcZ1SS7vbNDVsGFgRvo-Q/getMe "HTTP/1.1 200 OK"
2025-11-16 11:57:47,785 - httpx - INFO - HTTP Request: POST https://api.telegram.org/bot8473906038:AAH6nwvVbyM03jXcZ1SS7vbNDVsGFgRvo-Q/deleteWebhook "HTTP/1.1 200 OK"
2025-11-16 11:57:47,786 - telegram.ext.Application - INFO - Application started
2025-11-16 11:57:56,152 - httpx - INFO - HTTP Request: POST https://api.telegram.org/bot8473906038:AAH6nwvVbyM03jXcZ1SS7vbNDVsGFgRvo-Q/getUpdates "HTTP/1.1 200 OK"
2025-11-16 11:57:56,265 - httpx - INFO - HTTP Request: POST https://api.telegram.org/bot8473906038:AAH6nwvVbyM03jXcZ1SS7vbNDVsGFgRvo-Q/sendMessage "HTTP/1.1 200 OK"
2025-11-16 11:58:06,178 - httpx - INFO - HTTP Request: POST https://api.telegram.org/bot8473906038:AAH6nwvVbyM03jXcZ1SS7vbNDVsGFgRvo-Q/getUpdates "HTTP/1.1 200 OK"
2025-11-16 11:58:16,204 - httpx - INFO - HTTP Request: POST https://api.telegram.org/bot8473906038:AAH6nwvVbyM03jXcZ1SS7vbNDVsGFgRvo-Q/getUpdates "HTTP/1.1 200 OK"
2025-11-16 11:58:26,233 - httpx - INFO - HTTP Request: POST https://api.telegram.org/bot8473906038:AAH6nwvVbyM03jXcZ1SS7vbNDVsGFgRvo-Q/getUpdates "HTTP/1.1 200 OK"
2025-11-16 11:58:36,257 - httpx - INFO - HTTP Request: POST https://api.telegram.org/bot8473906038:AAH6nwvVbyM03jXcZ1SS7vbNDVsGFgRvo-Q/getUpdates "HTTP/1.1 200 OK"
2025-11-16 11:58:46,279 - httpx - INFO - HTTP Request: POST https://api.telegram.org/bot8473906038:AAH6nwvVbyM03jXcZ1SS7vbNDVsGFgRvo-Q/getUpdates "HTTP/1.1 200 OK"
2025-11-16 11:58:56,301 - httpx - INFO - HTTP Request: POST https://api.telegram.org/bot8473906038:AAH6nwvVbyM03jXcZ1SS7vbNDVsGFgRvo-Q/getUpdates "HTTP/1.1 200 OK"
2025-11-16 11:59:06,332 - httpx - INFO - HTTP Request: POST https://api.telegram.org/bot8473906038:AAH6nwvVbyM03jXcZ1SS7vbNDVsGFgRvo-Q/getUpdates "HTTP/1.1 200 OK"
2025-11-16 11:59:16,368 - httpx - INFO - HTTP Request: POST https://api.telegram.org/bot8473906038:AAH6nwvVbyM03jXcZ1SS7vbNDVsGFgRvo-Q/getUpdates "HTTP/1.1 200 OK"
2025-11-16 11:59:26,402 - httpx - INFO - HTTP Request: POST https://api.telegram.org/bot8473906038:AAH6nwvVbyM03jXcZ1SS7vbNDVsGFgRvo-Q/getUpdates "HTTP/1.1 200 OK"
2025-11-16 11:59:36,432 - httpx - INFO - HTTP Request: POST https://api.telegram.org/bot8473906038:AAH6nwvVbyM03jXcZ1SS7vbNDVsGFgRvo-Q/getUpdates "HTTP/1.1 200 OK"
2025-11-16 11:59:46,482 - httpx - INFO - HTTP Request: POST https://api.telegram.org/bot8473906038:AAH6nwvVbyM03jXcZ1SS7vbNDVsGFgRvo-Q/getUpdates "HTTP/1.1 200 OK"
2025-11-16 11:59:56,585 - httpx - INFO - HTTP Request: POST https://api.telegram.org/bot8473906038:AAH6nwvVbyM03jXcZ1SS7vbNDVsGFgRvo-Q/getUpdates "HTTP/1.1 200 OK"
2025-11-16 12:00:06,748 - httpx - INFO - HTTP Request: POST https://api.telegram.org/bot8473906038:AAH6nwvVbyM03jXcZ1SS7vbNDVsGFgRvo-Q/getUpdates "HTTP/1.1 200 OK"
2025-11-16 12:00:16,776 - httpx - INFO - HTTP Request: POST https://api.telegram.org/bot8473906038:AAH6nwvVbyM03jXcZ1SS7vbNDVsGFgRvo-Q/getUpdates "HTTP/1.1 200 OK"
2025-11-16 12:00:26,806 - httpx - INFO - HTTP Request: POST https://api.telegram.org/bot8473906038:AAH6nwvVbyM03jXcZ1SS7vbNDVsGFgRvo-Q/getUpdates "HTTP/1.1 200 OK"
2025-11-16 12:00:36,863 - httpx - INFO - HTTP Request: POST https://api.telegram.org/bot8473906038:AAH6nwvVbyM03jXcZ1SS7vbNDVsGFgRvo-Q/getUpdates "HTTP/1.1 200 OK"
2025-11-16 12:00:46,889 - httpx - INFO - HTTP Request: POST https://api.telegram.org/bot8473906038:AAH6nwvVbyM03jXcZ1SS7vbNDVsGFgRvo-Q/getUpdates "HTTP/1.1 200 OK"
2025-11-16 12:00:56,914 - httpx - INFO - HTTP Request: POST https://api.telegram.org/bot8473906038:AAH6nwvVbyM03jXcZ1SS7vbNDVsGFgRvo-Q/getUpdates "HTTP/1.1 200 OK"
2025-11-16 12:01:06,940 - httpx - INFO - HTTP Request: POST https://api.telegram.org/bot8473906038:AAH6nwvVbyM03jXcZ1SS7vbNDVsGFgRvo-Q/getUpdates "HTTP/1.1 200 OK"
2025-11-16 12:01:16,994 - httpx - INFO - HTTP Request: POST https://api.telegram.org/bot8473906038:AAH6nwvVbyM03jXcZ1SS7vbNDVsGFgRvo-Q/getUpdates "HTTP/1.1 200 OK"
2025-11-16 12:01:27,030 - httpx - INFO - HTTP Request: POST https://api.telegram.org/bot8473906038:AAH6nwvVbyM03jXcZ1SS7vbNDVsGFgRvo-Q/getUpdates "HTTP/1.1 200 OK"
2025-11-16 12:01:37,084 - httpx - INFO - HTTP Request: POST https://api.telegram.org/bot8473906038:AAH6nwvVbyM03jXcZ1SS7vbNDVsGFgRvo-Q/getUpdates "HTTP/1.1 200 OK"
2025-11-16 12:01:47,111 - httpx - INFO - HTTP Request: POST https://api.telegram.org/bot8473906038:AAH6nwvVbyM03jXcZ1SS7vbNDVsGFgRvo-Q/getUpdates "HTTP/1.1 200 OK"
2025-11-16 12:01:57,237 - httpx - INFO - HTTP Request: POST https://api.telegram.org/bot8473906038:AAH6nwvVbyM03jXcZ1SS7vbNDVsGFgRvo-Q/getUpdates "HTTP/1.1 200 OK"
2025-11-16 12:02:07,264 - httpx - INFO - HTTP Request: POST https://api.telegram.org/bot8473906038:AAH6nwvVbyM03jXcZ1SS7vbNDVsGFgRvo-Q/getUpdates "HTTP/1.1 200 OK"
2025-11-16 12:02:17,414 - httpx - INFO - HTTP Request: POST https://api.telegram.org/bot8473906038:AAH6nwvVbyM03jXcZ1SS7vbNDVsGFgRvo-Q/getUpdates "HTTP/1.1 200 OK"
2025-11-16 12:02:27,582 - httpx - INFO - HTTP Request: POST https://api.telegram.org/bot8473906038:AAH6nwvVbyM03jXcZ1SS7vbNDVsGFgRvo-Q/getUpdates "HTTP/1.1 200 OK"
2025-11-16 12:02:37,607 - httpx - INFO - HTTP Request: POST https://api.telegram.org/bot8473906038:AAH6nwvVbyM03jXcZ1SS7vbNDVsGFgRvo-Q/getUpdates "HTTP/1.1 200 OK"
2025-11-16 12:02:47,721 - httpx - INFO - HTTP Request: POST https://api.telegram.org/bot8473906038:AAH6nwvVbyM03jXcZ1SS7vbNDVsGFgRvo-Q/getUpdates "HTTP/1.1 200 OK"
2025-11-16 12:02:57,758 - httpx - INFO - HTTP Request: POST https://api.telegram.org/bot8473906038:AAH6nwvVbyM03jXcZ1SS7vbNDVsGFgRvo-Q/getUpdates "HTTP/1.1 200 OK"
2025-11-16 12:03:07,792 - httpx - INFO - HTTP Request: POST https://api.telegram.org/bot8473906038:AAH6nwvVbyM03jXcZ1SS7vbNDVsGFgRvo-Q/getUpdates "HTTP/1.1 200 OK"
2025-11-16 12:03:17,933 - httpx - INFO - HTTP Request: POST https://api.telegram.org/bot8473906038:AAH6nwvVbyM03jXcZ1SS7vbNDVsGFgRvo-Q/getUpdates "HTTP/1.1 200 OK"
2025-11-16 12:03:27,967 - httpx - INFO - HTTP Request: POST https://api.telegram.org/bot8473906038:AAH6nwvVbyM03jXcZ1SS7vbNDVsGFgRvo-Q/getUpdates "HTTP/1.1 200 OK"
2025-11-16 12:03:37,999 - httpx - INFO - HTTP Request: POST https://api.telegram.org/bot8473906038:AAH6nwvVbyM03jXcZ1SS7vbNDVsGFgRvo-Q/getUpdates "HTTP/1.1 200 OK"
2025-11-16 12:03:48,021 - httpx - INFO - HTTP Request: POST https://api.telegram.org/bot8473906038:AAH6nwvVbyM03jXcZ1SS7vbNDVsGFgRvo-Q/getUpdates "HTTP/1.1 200 OK"
2025-11-16 12:03:58,045 - httpx - INFO - HTTP Request: POST https://api.telegram.org/bot8473906038:AAH6nwvVbyM03jXcZ1SS7vbNDVsGFgRvo-Q/getUpdates "HTTP/1.1 200 OK"
2025-11-16 12:04:08,067 - httpx - INFO - HTTP Request: POST https://api.telegram.org/bot8473906038:AAH6nwvVbyM03jXcZ1SS7vbNDVsGFgRvo-Q/getUpdates "HTTP/1.1 200 OK"
2025-11-16 12:04:18,103 - httpx - INFO - HTTP Request: POST https://api.telegram.org/bot8473906038:AAH6nwvVbyM03jXcZ1SS7vbNDVsGFgRvo-Q/getUpdates "HTTP/1.1 200 OK"
2025-11-16 12:04:28,136 - httpx - INFO - HTTP Request: POST https://api.telegram.org/bot8473906038:AAH6nwvVbyM03jXcZ1SS7vbNDVsGFgRvo-Q/getUpdates "HTTP/1.1 200 OK"
2025-11-16 12:04:38,156 - httpx - INFO - HTTP Request: POST https://api.telegram.org/bot8473906038:AAH6nwvVbyM03jXcZ1SS7vbNDVsGFgRvo-Q/getUpdates "HTTP/1.1 200 OK"
2025-11-16 12:04:48,627 - httpx - INFO - HTTP Request: POST https://api.telegram.org/bot8473906038:AAH6nwvVbyM03jXcZ1SS7vbNDVsGFgRvo-Q/getUpdates "HTTP/1.1 200 OK"
2025-11-16 12:04:58,682 - httpx - INFO - HTTP Request: POST https://api.telegram.org/bot8473906038:AAH6nwvVbyM03jXcZ1SS7vbNDVsGFgRvo-Q/getUpdates "HTTP/1.1 200 OK"
2025-11-16 12:05:08,705 - httpx - INFO - HTTP Request: POST https://api.telegram.org/bot8473906038:AAH6nwvVbyM03jXcZ1SS7vbNDVsGFgRvo-Q/getUpdates "HTTP/1.1 200 OK"
2025-11-16 12:05:18,946 - httpx - INFO - HTTP Request: POST https://api.telegram.org/bot8473906038:AAH6nwvVbyM03jXcZ1SS7vbNDVsGFgRvo-Q/getUpdates "HTTP/1.1 200 OK"
2025-11-16 12:05:29,007 - httpx - INFO - HTTP Request: POST https://api.telegram.org/bot8473906038:AAH6nwvVbyM03jXcZ1SS7vbNDVsGFgRvo-Q/getUpdates "HTTP/1.1 200 OK"
2025-11-16 12:05:39,033 - httpx - INFO - HTTP Request: POST https://api.telegram.org/bot8473906038:AAH6nwvVbyM03jXcZ1SS7vbNDVsGFgRvo-Q/getUpdates "HTTP/1.1 200 OK"
2025-11-16 12:05:49,073 - httpx - INFO - HTTP Request: POST https://api.telegram.org/bot8473906038:AAH6nwvVbyM03jXcZ1SS7vbNDVsGFgRvo-Q/getUpdates "HTTP/1.1 200 OK"
2025-11-16 12:05:59,125 - httpx - INFO - HTTP Request: POST https://api.telegram.org/bot8473906038:AAH6nwvVbyM03jXcZ1SS7vbNDVsGFgRvo-Q/getUpdates "HTTP/1.1 200 OK"
2025-11-16 12:06:09,152 - httpx - INFO - HTTP Request: POST https://api.telegram.org/bot8473906038:AAH6nwvVbyM03jXcZ1SS7vbNDVsGFgRvo-Q/getUpdates "HTTP/1.1 200 OK"
2025-11-16 12:06:19,180 - httpx - INFO - HTTP Request: POST https://api.telegram.org/bot8473906038:AAH6nwvVbyM03jXcZ1SS7vbNDVsGFgRvo-Q/getUpdates "HTTP/1.1 200 OK"
2025-11-16 12:06:29,211 - httpx - INFO - HTTP Request: POST https://api.telegram.org/bot8473906038:AAH6nwvVbyM03jXcZ1SS7vbNDVsGFgRvo-Q/getUpdates "HTTP/1.1 200 OK"
2025-11-16 12:06:39,267 - httpx - INFO - HTTP Request: POST https://api.telegram.org/bot8473906038:AAH6nwvVbyM03jXcZ1SS7vbNDVsGFgRvo-Q/getUpdates "HTTP/1.1 200 OK"
2025-11-16 12:06:49,336 - httpx - INFO - HTTP Request: POST https://api.telegram.org/bot8473906038:AAH6nwvVbyM03jXcZ1SS7vbNDVsGFgRvo-Q/getUpdates "HTTP/1.1 200 OK"
2025-11-16 12:06:59,401 - httpx - INFO - HTTP Request: POST https://api.telegram.org/bot8473906038:AAH6nwvVbyM03jXcZ1SS7vbNDVsGFgRvo-Q/getUpdates "HTTP/1.1 200 OK"
2025-11-16 12:07:09,424 - httpx - INFO - HTTP Request: POST https://api.telegram.org/bot8473906038:AAH6nwvVbyM03jXcZ1SS7vbNDVsGFgRvo-Q/getUpdates "HTTP/1.1 200 OK"
2025-11-16 12:07:19,615 - httpx - INFO - HTTP Request: POST https://api.telegram.org/bot8473906038:AAH6nwvVbyM03jXcZ1SS7vbNDVsGFgRvo-Q/getUpdates "HTTP/1.1 200 OK"
2025-11-16 12:07:29,720 - httpx - INFO - HTTP Request: POST https://api.telegram.org/bot8473906038:AAH6nwvVbyM03jXcZ1SS7vbNDVsGFgRvo-Q/getUpdates "HTTP/1.1 200 OK"
2025-11-16 12:07:39,799 - httpx - INFO - HTTP Request: POST https://api.telegram.org/bot8473906038:AAH6nwvVbyM03jXcZ1SS7vbNDVsGFgRvo-Q/getUpdates "HTTP/1.1 200 OK"
2025-11-16 12:07:49,852 - httpx - INFO - HTTP Request: POST https://api.telegram.org/bot8473906038:AAH6nwvVbyM03jXcZ1SS7vbNDVsGFgRvo-Q/getUpdates "HTTP/1.1 200 OK"
2025-11-16 12:07:59,878 - httpx - INFO - HTTP Request: POST https://api.telegram.org/bot8473906038:AAH6nwvVbyM03jXcZ1SS7vbNDVsGFgRvo-Q/getUpdates "HTTP/1.1 200 OK"
2025-11-16 12:08:09,979 - httpx - INFO - HTTP Request: POST https://api.telegram.org/bot8473906038:AAH6nwvVbyM03jXcZ1SS7vbNDVsGFgRvo-Q/getUpdates "HTTP/1.1 200 OK"
2025-11-16 12:08:20,003 - httpx - INFO - HTTP Request: POST https://api.telegram.org/bot8473906038:AAH6nwvVbyM03jXcZ1SS7vbNDVsGFgRvo-Q/getUpdates "HTTP/1.1 200 OK"
2025-11-16 12:08:30,061 - httpx - INFO - HTTP Request: POST https://api.telegram.org/bot8473906038:AAH6nwvVbyM03jXcZ1SS7vbNDVsGFgRvo-Q/getUpdates "HTTP/1.1 200 OK"
2025-11-16 12:08:40,092 - httpx - INFO - HTTP Request: POST https://api.telegram.org/bot8473906038:AAH6nwvVbyM03jXcZ1SS7vbNDVsGFgRvo-Q/getUpdates "HTTP/1.1 200 OK"
2025-11-16 12:08:50,118 - httpx - INFO - HTTP Request: POST https://api.telegram.org/bot8473906038:AAH6nwvVbyM03jXcZ1SS7vbNDVsGFgRvo-Q/getUpdates "HTTP/1.1 200 OK"
2025-11-16 12:09:00,154 - httpx - INFO - HTTP Request: POST https://api.telegram.org/bot8473906038:AAH6nwvVbyM03jXcZ1SS7vbNDVsGFgRvo-Q/getUpdates "HTTP/1.1 200 OK"
2025-11-16 12:09:10,188 - httpx - INFO - HTTP Request: POST https://api.telegram.org/bot8473906038:AAH6nwvVbyM03jXcZ1SS7vbNDVsGFgRvo-Q/getUpdates "HTTP/1.1 200 OK"
2025-11-16 12:09:20,231 - httpx - INFO - HTTP Request: POST https://api.telegram.org/bot8473906038:AAH6nwvVbyM03jXcZ1SS7vbNDVsGFgRvo-Q/getUpdates "HTTP/1.1 200 OK"
2025-11-16 12:09:30,364 - httpx - INFO - HTTP Request: POST https://api.telegram.org/bot8473906038:AAH6nwvVbyM03jXcZ1SS7vbNDVsGFgRvo-Q/getUpdates "HTTP/1.1 200 OK"
2025-11-16 12:09:40,500 - httpx - INFO - HTTP Request: POST https://api.telegram.org/bot8473906038:AAH6nwvVbyM03jXcZ1SS7vbNDVsGFgRvo-Q/getUpdates "HTTP/1.1 200 OK"
2025-11-16 12:09:50,526 - httpx - INFO - HTTP Request: POST https://api.telegram.org/bot8473906038:AAH6nwvVbyM03jXcZ1SS7vbNDVsGFgRvo-Q/getUpdates "HTTP/1.1 200 OK"
2025-11-16 12:10:00,663 - httpx - INFO - HTTP Request: POST https://api.telegram.org/bot8473906038:AAH6nwvVbyM03jXcZ1SS7vbNDVsGFgRvo-Q/getUpdates "HTTP/1.1 200 OK"
2025-11-16 12:10:10,818 - httpx - INFO - HTTP Request: POST https://api.telegram.org/bot8473906038:AAH6nwvVbyM03jXcZ1SS7vbNDVsGFgRvo-Q/getUpdates "HTTP/1.1 200 OK"
2025-11-16 12:10:20,845 - httpx - INFO - HTTP Request: POST https://api.telegram.org/bot8473906038:AAH6nwvVbyM03jXcZ1SS7vbNDVsGFgRvo-Q/getUpdates "HTTP/1.1 200 OK"
2025-11-16 12:10:30,985 - httpx - INFO - HTTP Request: POST https://api.telegram.org/bot8473906038:AAH6nwvVbyM03jXcZ1SS7vbNDVsGFgRvo-Q/getUpdates "HTTP/1.1 200 OK"
2025-11-16 12:10:41,122 - httpx - INFO - HTTP Request: POST https://api.telegram.org/bot8473906038:AAH6nwvVbyM03jXcZ1SS7vbNDVsGFgRvo-Q/getUpdates "HTTP/1.1 200 OK"
2025-11-16 12:10:51,157 - httpx - INFO - HTTP Request: POST https://api.telegram.org/bot8473906038:AAH6nwvVbyM03jXcZ1SS7vbNDVsGFgRvo-Q/getUpdates "HTTP/1.1 200 OK"
2025-11-16 12:11:01,184 - httpx - INFO - HTTP Request: POST https://api.telegram.org/bot8473906038:AAH6nwvVbyM03jXcZ1SS7vbNDVsGFgRvo-Q/getUpdates "HTTP/1.1 200 OK"
2025-11-16 12:11:11,211 - httpx - INFO - HTTP Request: POST https://api.telegram.org/bot8473906038:AAH6nwvVbyM03jXcZ1SS7vbNDVsGFgRvo-Q/getUpdates "HTTP/1.1 200 OK"
2025-11-16 12:11:21,241 - httpx - INFO - HTTP Request: POST https://api.telegram.org/bot8473906038:AAH6nwvVbyM03jXcZ1SS7vbNDVsGFgRvo-Q/getUpdates "HTTP/1.1 200 OK"
2025-11-16 12:11:31,289 - httpx - INFO - HTTP Request: POST https://api.telegram.org/bot8473906038:AAH6nwvVbyM03jXcZ1SS7vbNDVsGFgRvo-Q/getUpdates "HTTP/1.1 200 OK"
2025-11-16 12:11:41,338 - httpx - INFO - HTTP Request: POST https://api.telegram.org/bot8473906038:AAH6nwvVbyM03jXcZ1SS7vbNDVsGFgRvo-Q/getUpdates "HTTP/1.1 200 OK"
2025-11-16 12:11:51,394 - httpx - INFO - HTTP Request: POST https://api.telegram.org/bot8473906038:AAH6nwvVbyM03jXcZ1SS7vbNDVsGFgRvo-Q/getUpdates "HTTP/1.1 200 OK"
2025-11-16 12:12:01,422 - httpx - INFO - HTTP Request: POST https://api.telegram.org/bot8473906038:AAH6nwvVbyM03jXcZ1SS7vbNDVsGFgRvo-Q/getUpdates "HTTP/1.1 200 OK"
2025-11-16 12:12:11,449 - httpx - INFO - HTTP Request: POST https://api.telegram.org/bot8473906038:AAH6nwvVbyM03jXcZ1SS7vbNDVsGFgRvo-Q/getUpdates "HTTP/1.1 200 OK"
2025-11-16 12:12:21,498 - httpx - INFO - HTTP Request: POST https://api.telegram.org/bot8473906038:AAH6nwvVbyM03jXcZ1SS7vbNDVsGFgRvo-Q/getUpdates "HTTP/1.1 200 OK"
2025-11-16 12:12:31,529 - httpx - INFO - HTTP Request: POST https://api.telegram.org/bot8473906038:AAH6nwvVbyM03jXcZ1SS7vbNDVsGFgRvo-Q/getUpdates "HTTP/1.1 200 OK"
2025-11-16 12:12:41,563 - httpx - INFO - HTTP Request: POST https://api.telegram.org/bot8473906038:AAH6nwvVbyM03jXcZ1SS7vbNDVsGFgRvo-Q/getUpdates "HTTP/1.1 200 OK"
2025-11-16 12:12:51,606 - httpx - INFO - HTTP Request: POST https://api.telegram.org/bot8473906038:AAH6nwvVbyM03jXcZ1SS7vbNDVsGFgRvo-Q/getUpdates "HTTP/1.1 200 OK"
2025-11-16 12:13:01,628 - httpx - INFO - HTTP Request: POST https://api.telegram.org/bot8473906038:AAH6nwvVbyM03jXcZ1SS7vbNDVsGFgRvo-Q/getUpdates "HTTP/1.1 200 OK"
2025-11-16 12:13:11,673 - httpx - INFO - HTTP Request: POST https://api.telegram.org/bot8473906038:AAH6nwvVbyM03jXcZ1SS7vbNDVsGFgRvo-Q/getUpdates "HTTP/1.1 200 OK"
2025-11-16 12:13:22,106 - httpx - INFO - HTTP Request: POST https://api.telegram.org/bot8473906038:AAH6nwvVbyM03jXcZ1SS7vbNDVsGFgRvo-Q/getUpdates "HTTP/1.1 200 OK"
2025-11-16 12:13:32,616 - httpx - INFO - HTTP Request: POST https://api.telegram.org/bot8473906038:AAH6nwvVbyM03jXcZ1SS7vbNDVsGFgRvo-Q/getUpdates "HTTP/1.1 200 OK"
2025-11-16 12:13:42,666 - httpx - INFO - HTTP Request: POST https://api.telegram.org/bot8473906038:AAH6nwvVbyM03jXcZ1SS7vbNDVsGFgRvo-Q/getUpdates "HTTP/1.1 200 OK"
2025-11-16 12:13:52,716 - httpx - INFO - HTTP Request: POST https://api.telegram.org/bot8473906038:AAH6nwvVbyM03jXcZ1SS7vbNDVsGFgRvo-Q/getUpdates "HTTP/1.1 200 OK"
2025-11-16 12:14:02,749 - httpx - INFO - HTTP Request: POST https://api.telegram.org/bot8473906038:AAH6nwvVbyM03jXcZ1SS7vbNDVsGFgRvo-Q/getUpdates "HTTP/1.1 200 OK"
2025-11-16 12:14:12,789 - httpx - INFO - HTTP Request: POST https://api.telegram.org/bot8473906038:AAH6nwvVbyM03jXcZ1SS7vbNDVsGFgRvo-Q/getUpdates "HTTP/1.1 200 OK"
2025-11-16 12:14:22,825 - httpx - INFO - HTTP Request: POST https://api.telegram.org/bot8473906038:AAH6nwvVbyM03jXcZ1SS7vbNDVsGFgRvo-Q/getUpdates "HTTP/1.1 200 OK"
2025-11-16 12:14:32,938 - httpx - INFO - HTTP Request: POST https://api.telegram.org/bot8473906038:AAH6nwvVbyM03jXcZ1SS7vbNDVsGFgRvo-Q/getUpdates "HTTP/1.1 200 OK"
2025-11-16 12:14:43,129 - httpx - INFO - HTTP Request: POST https://api.telegram.org/bot8473906038:AAH6nwvVbyM03jXcZ1SS7vbNDVsGFgRvo-Q/getUpdates "HTTP/1.1 200 OK"
2025-11-16 12:14:53,211 - httpx - INFO - HTTP Request: POST https://api.telegram.org/bot8473906038:AAH6nwvVbyM03jXcZ1SS7vbNDVsGFgRvo-Q/getUpdates "HTTP/1.1 200 OK"
2025-11-16 12:15:03,242 - httpx - INFO - HTTP Request: POST https://api.telegram.org/bot8473906038:AAH6nwvVbyM03jXcZ1SS7vbNDVsGFgRvo-Q/getUpdates "HTTP/1.1 200 OK"
2025-11-16 12:15:13,268 - httpx - INFO - HTTP Request: POST https://api.telegram.org/bot8473906038:AAH6nwvVbyM03jXcZ1SS7vbNDVsGFgRvo-Q/getUpdates "HTTP/1.1 200 OK"
2025-11-16 12:15:23,302 - httpx - INFO - HTTP Request: POST https://api.telegram.org/bot8473906038:AAH6nwvVbyM03jXcZ1SS7vbNDVsGFgRvo-Q/getUpdates "HTTP/1.1 200 OK"
2025-11-16 12:15:33,341 - httpx - INFO - HTTP Request: POST https://api.telegram.org/bot8473906038:AAH6nwvVbyM03jXcZ1SS7vbNDVsGFgRvo-Q/getUpdates "HTTP/1.1 200 OK"
2025-11-16 12:15:43,379 - httpx - INFO - HTTP Request: POST https://api.telegram.org/bot8473906038:AAH6nwvVbyM03jXcZ1SS7vbNDVsGFgRvo-Q/getUpdates "HTTP/1.1 200 OK"
2025-11-16 12:15:53,413 - httpx - INFO - HTTP Request: POST https://api.telegram.org/bot8473906038:AAH6nwvVbyM03jXcZ1SS7vbNDVsGFgRvo-Q/getUpdates "HTTP/1.1 200 OK"
2025-11-16 12:16:03,440 - httpx - INFO - HTTP Request: POST https://api.telegram.org/bot8473906038:AAH6nwvVbyM03jXcZ1SS7vbNDVsGFgRvo-Q/getUpdates "HTTP/1.1 200 OK"
2025-11-16 12:16:13,588 - httpx - INFO - HTTP Request: POST https://api.telegram.org/bot8473906038:AAH6nwvVbyM03jXcZ1SS7vbNDVsGFgRvo-Q/getUpdates "HTTP/1.1 200 OK"
2025-11-16 12:16:23,656 - httpx - INFO - HTTP Request: POST https://api.telegram.org/bot8473906038:AAH6nwvVbyM03jXcZ1SS7vbNDVsGFgRvo-Q/getUpdates "HTTP/1.1 200 OK"
2025-11-16 12:16:33,686 - httpx - INFO - HTTP Request: POST https://api.telegram.org/bot8473906038:AAH6nwvVbyM03jXcZ1SS7vbNDVsGFgRvo-Q/getUpdates "HTTP/1.1 200 OK"
2025-11-16 12:16:44,952 - httpx - INFO - HTTP Request: POST https://api.telegram.org/bot8473906038:AAH6nwvVbyM03jXcZ1SS7vbNDVsGFgRvo-Q/getUpdates "HTTP/1.1 200 OK"
2025-11-16 12:16:55,002 - httpx - INFO - HTTP Request: POST https://api.telegram.org/bot8473906038:AAH6nwvVbyM03jXcZ1SS7vbNDVsGFgRvo-Q/getUpdates "HTTP/1.1 200 OK"
2025-11-16 12:17:05,039 - httpx - INFO - HTTP Request: POST https://api.telegram.org/bot8473906038:AAH6nwvVbyM03jXcZ1SS7vbNDVsGFgRvo-Q/getUpdates "HTTP/1.1 200 OK"
2025-11-16 12:17:15,090 - httpx - INFO - HTTP Request: POST https://api.telegram.org/bot8473906038:AAH6nwvVbyM03jXcZ1SS7vbNDVsGFgRvo-Q/getUpdates "HTTP/1.1 200 OK"
2025-11-16 12:17:25,112 - httpx - INFO - HTTP Request: POST https://api.telegram.org/bot8473906038:AAH6nwvVbyM03jXcZ1SS7vbNDVsGFgRvo-Q/getUpdates "HTTP/1.1 200 OK"
2025-11-16 12:17:35,150 - httpx - INFO - HTTP Request: POST https://api.telegram.org/bot8473906038:AAH6nwvVbyM03jXcZ1SS7vbNDVsGFgRvo-Q/getUpdates "HTTP/1.1 200 OK"
2025-11-16 12:17:45,191 - httpx - INFO - HTTP Request: POST https://api.telegram.org/bot8473906038:AAH6nwvVbyM03jXcZ1SS7vbNDVsGFgRvo-Q/getUpdates "HTTP/1.1 200 OK"
2025-11-16 12:17:55,301 - httpx - INFO - HTTP Request: POST https://api.telegram.org/bot8473906038:AAH6nwvVbyM03jXcZ1SS7vbNDVsGFgRvo-Q/getUpdates "HTTP/1.1 200 OK"
2025-11-16 12:18:05,385 - httpx - INFO - HTTP Request: POST https://api.telegram.org/bot8473906038:AAH6nwvVbyM03jXcZ1SS7vbNDVsGFgRvo-Q/getUpdates "HTTP/1.1 200 OK"
2025-11-16 12:18:15,476 - httpx - INFO - HTTP Request: POST https://api.telegram.org/bot8473906038:AAH6nwvVbyM03jXcZ1SS7vbNDVsGFgRvo-Q/getUpdates "HTTP/1.1 200 OK"
2025-11-16 12:18:25,512 - httpx - INFO - HTTP Request: POST https://api.telegram.org/bot8473906038:AAH6nwvVbyM03jXcZ1SS7vbNDVsGFgRvo-Q/getUpdates "HTTP/1.1 200 OK"
2025-11-16 12:18:35,566 - httpx - INFO - HTTP Request: POST https://api.telegram.org/bot8473906038:AAH6nwvVbyM03jXcZ1SS7vbNDVsGFgRvo-Q/getUpdates "HTTP/1.1 200 OK"
2025-11-16 12:18:45,607 - httpx - INFO - HTTP Request: POST https://api.telegram.org/bot8473906038:AAH6nwvVbyM03jXcZ1SS7vbNDVsGFgRvo-Q/getUpdates "HTTP/1.1 200 OK"
2025-11-16 12:18:55,696 - httpx - INFO - HTTP Request: POST https://api.telegram.org/bot8473906038:AAH6nwvVbyM03jXcZ1SS7vbNDVsGFgRvo-Q/getUpdates "HTTP/1.1 200 OK"
2025-11-16 12:19:05,768 - httpx - INFO - HTTP Request: POST https://api.telegram.org/bot8473906038:AAH6nwvVbyM03jXcZ1SS7vbNDVsGFgRvo-Q/getUpdates "HTTP/1.1 200 OK"
2025-11-16 12:19:15,804 - httpx - INFO - HTTP Request: POST https://api.telegram.org/bot8473906038:AAH6nwvVbyM03jXcZ1SS7vbNDVsGFgRvo-Q/getUpdates "HTTP/1.1 200 OK"
2025-11-16 12:19:25,832 - httpx - INFO - HTTP Request: POST https://api.telegram.org/bot8473906038:AAH6nwvVbyM03jXcZ1SS7vbNDVsGFgRvo-Q/getUpdates "HTTP/1.1 200 OK"
2025-11-16 12:19:35,867 - httpx - INFO - HTTP Request: POST https://api.telegram.org/bot8473906038:AAH6nwvVbyM03jXcZ1SS7vbNDVsGFgRvo-Q/getUpdates "HTTP/1.1 200 OK"
2025-11-16 12:19:45,977 - httpx - INFO - HTTP Request: POST https://api.telegram.org/bot8473906038:AAH6nwvVbyM03jXcZ1SS7vbNDVsGFgRvo-Q/getUpdates "HTTP/1.1 200 OK"
2025-11-16 12:19:56,084 - httpx - INFO - HTTP Request: POST https://api.telegram.org/bot8473906038:AAH6nwvVbyM03jXcZ1SS7vbNDVsGFgRvo-Q/getUpdates "HTTP/1.1 200 OK"
2025-11-16 12:20:06,186 - httpx - INFO - HTTP Request: POST https://api.telegram.org/bot8473906038:AAH6nwvVbyM03jXcZ1SS7vbNDVsGFgRvo-Q/getUpdates "HTTP/1.1 200 OK"
2025-11-16 12:20:16,231 - httpx - INFO - HTTP Request: POST https://api.telegram.org/bot8473906038:AAH6nwvVbyM03jXcZ1SS7vbNDVsGFgRvo-Q/getUpdates "HTTP/1.1 200 OK"
2025-11-16 12:20:26,258 - httpx - INFO - HTTP Request: POST https://api.telegram.org/bot8473906038:AAH6nwvVbyM03jXcZ1SS7vbNDVsGFgRvo-Q/getUpdates "HTTP/1.1 200 OK"
2025-11-16 12:20:36,284 - httpx - INFO - HTTP Request: POST https://api.telegram.org/bot8473906038:AAH6nwvVbyM03jXcZ1SS7vbNDVsGFgRvo-Q/getUpdates "HTTP/1.1 200 OK"
2025-11-16 12:20:46,333 - httpx - INFO - HTTP Request: POST https://api.telegram.org/bot8473906038:AAH6nwvVbyM03jXcZ1SS7vbNDVsGFgRvo-Q/getUpdates "HTTP/1.1 200 OK"
2025-11-16 12:20:56,357 - httpx - INFO - HTTP Request: POST https://api.telegram.org/bot8473906038:AAH6nwvVbyM03jXcZ1SS7vbNDVsGFgRvo-Q/getUpdates "HTTP/1.1 200 OK"
2025-11-16 12:21:07,629 - httpx - INFO - HTTP Request: POST https://api.telegram.org/bot8473906038:AAH6nwvVbyM03jXcZ1SS7vbNDVsGFgRvo-Q/getUpdates "HTTP/1.1 200 OK"
2025-11-16 12:21:17,673 - httpx - INFO - HTTP Request: POST https://api.telegram.org/bot8473906038:AAH6nwvVbyM03jXcZ1SS7vbNDVsGFgRvo-Q/getUpdates "HTTP/1.1 200 OK"
2025-11-16 12:21:27,703 - httpx - INFO - HTTP Request: POST https://api.telegram.org/bot8473906038:AAH6nwvVbyM03jXcZ1SS7vbNDVsGFgRvo-Q/getUpdates "HTTP/1.1 200 OK"
2025-11-16 12:21:37,732 - httpx - INFO - HTTP Request: POST https://api.telegram.org/bot8473906038:AAH6nwvVbyM03jXcZ1SS7vbNDVsGFgRvo-Q/getUpdates "HTTP/1.1 200 OK"
2025-11-16 12:21:47,837 - httpx - INFO - HTTP Request: POST https://api.telegram.org/bot8473906038:AAH6nwvVbyM03jXcZ1SS7vbNDVsGFgRvo-Q/getUpdates "HTTP/1.1 200 OK"
2025-11-16 12:21:58,009 - httpx - INFO - HTTP Request: POST https://api.telegram.org/bot8473906038:AAH6nwvVbyM03jXcZ1SS7vbNDVsGFgRvo-Q/getUpdates "HTTP/1.1 200 OK"
2025-11-16 12:22:08,146 - httpx - INFO - HTTP Request: POST https://api.telegram.org/bot8473906038:AAH6nwvVbyM03jXcZ1SS7vbNDVsGFgRvo-Q/getUpdates "HTTP/1.1 200 OK"
2025-11-16 12:22:18,185 - httpx - INFO - HTTP Request: POST https://api.telegram.org/bot8473906038:AAH6nwvVbyM03jXcZ1SS7vbNDVsGFgRvo-Q/getUpdates "HTTP/1.1 200 OK"
2025-11-16 12:22:28,218 - httpx - INFO - HTTP Request: POST https://api.telegram.org/bot8473906038:AAH6nwvVbyM03jXcZ1SS7vbNDVsGFgRvo-Q/getUpdates "HTTP/1.1 200 OK"
2025-11-16 12:22:38,247 - httpx - INFO - HTTP Request: POST https://api.telegram.org/bot8473906038:AAH6nwvVbyM03jXcZ1SS7vbNDVsGFgRvo-Q/getUpdates "HTTP/1.1 200 OK"
2025-11-16 12:22:48,350 - httpx - INFO - HTTP Request: POST https://api.telegram.org/bot8473906038:AAH6nwvVbyM03jXcZ1SS7vbNDVsGFgRvo-Q/getUpdates "HTTP/1.1 200 OK"
2025-11-16 12:22:58,377 - httpx - INFO - HTTP Request: POST https://api.telegram.org/bot8473906038:AAH6nwvVbyM03jXcZ1SS7vbNDVsGFgRvo-Q/getUpdates "HTTP/1.1 200 OK"
2025-11-16 12:23:08,412 - httpx - INFO - HTTP Request: POST https://api.telegram.org/bot8473906038:AAH6nwvVbyM03jXcZ1SS7vbNDVsGFgRvo-Q/getUpdates "HTTP/1.1 200 OK"
2025-11-16 12:23:18,445 - httpx - INFO - HTTP Request: POST https://api.telegram.org/bot8473906038:AAH6nwvVbyM03jXcZ1SS7vbNDVsGFgRvo-Q/getUpdates "HTTP/1.1 200 OK"
2025-11-16 12:23:28,470 - httpx - INFO - HTTP Request: POST https://api.telegram.org/bot8473906038:AAH6nwvVbyM03jXcZ1SS7vbNDVsGFgRvo-Q/getUpdates "HTTP/1.1 200 OK"
2025-11-16 12:23:38,518 - httpx - INFO - HTTP Request: POST https://api.telegram.org/bot8473906038:AAH6nwvVbyM03jXcZ1SS7vbNDVsGFgRvo-Q/getUpdates "HTTP/1.1 200 OK"
2025-11-16 12:23:48,601 - httpx - INFO - HTTP Request: POST https://api.telegram.org/bot8473906038:AAH6nwvVbyM03jXcZ1SS7vbNDVsGFgRvo-Q/getUpdates "HTTP/1.1 200 OK"
2025-11-16 12:23:58,744 - httpx - INFO - HTTP Request: POST https://api.telegram.org/bot8473906038:AAH6nwvVbyM03jXcZ1SS7vbNDVsGFgRvo-Q/getUpdates "HTTP/1.1 200 OK"
2025-11-16 12:24:08,876 - httpx - INFO - HTTP Request: POST https://api.telegram.org/bot8473906038:AAH6nwvVbyM03jXcZ1SS7vbNDVsGFgRvo-Q/getUpdates "HTTP/1.1 200 OK"
2025-11-16 12:24:18,903 - httpx - INFO - HTTP Request: POST https://api.telegram.org/bot8473906038:AAH6nwvVbyM03jXcZ1SS7vbNDVsGFgRvo-Q/getUpdates "HTTP/1.1 200 OK"
2025-11-16 12:24:28,929 - httpx - INFO - HTTP Request: POST https://api.telegram.org/bot8473906038:AAH6nwvVbyM03jXcZ1SS7vbNDVsGFgRvo-Q/getUpdates "HTTP/1.1 200 OK"
2025-11-16 12:24:38,991 - httpx - INFO - HTTP Request: POST https://api.telegram.org/bot8473906038:AAH6nwvVbyM03jXcZ1SS7vbNDVsGFgRvo-Q/getUpdates "HTTP/1.1 200 OK"
2025-11-16 12:24:49,018 - httpx - INFO - HTTP Request: POST https://api.telegram.org/bot8473906038:AAH6nwvVbyM03jXcZ1SS7vbNDVsGFgRvo-Q/getUpdates "HTTP/1.1 200 OK"
2025-11-16 12:24:59,052 - httpx - INFO - HTTP Request: POST https://api.telegram.org/bot8473906038:AAH6nwvVbyM03jXcZ1SS7vbNDVsGFgRvo-Q/getUpdates "HTTP/1.1 200 OK"
2025-11-16 12:25:09,162 - httpx - INFO - HTTP Request: POST https://api.telegram.org/bot8473906038:AAH6nwvVbyM03jXcZ1SS7vbNDVsGFgRvo-Q/getUpdates "HTTP/1.1 200 OK"
2025-11-16 12:25:19,201 - httpx - INFO - HTTP Request: POST https://api.telegram.org/bot8473906038:AAH6nwvVbyM03jXcZ1SS7vbNDVsGFgRvo-Q/getUpdates "HTTP/1.1 200 OK"
2025-11-16 12:25:29,231 - httpx - INFO - HTTP Request: POST https://api.telegram.org/bot8473906038:AAH6nwvVbyM03jXcZ1SS7vbNDVsGFgRvo-Q/getUpdates "HTTP/1.1 200 OK"
2025-11-16 12:25:39,402 - httpx - INFO - HTTP Request: POST https://api.telegram.org/bot8473906038:AAH6nwvVbyM03jXcZ1SS7vbNDVsGFgRvo-Q/getUpdates "HTTP/1.1 200 OK"
